mode: set
idresearch-web/repositories/kecamatan.go:15.79,19.2 1 1
idresearch-web/repositories/kecamatan.go:21.143,29.31 5 1
idresearch-web/repositories/kecamatan.go:52.2,52.45 1 1
idresearch-web/repositories/kecamatan.go:29.31,42.17 4 1
idresearch-web/repositories/kecamatan.go:42.17,48.4 1 1
idresearch-web/usecases/kecamatan.go:16.113,21.2 1 1
idresearch-web/usecases/kecamatan.go:23.152,28.16 4 1
idresearch-web/usecases/kecamatan.go:32.2,32.8 1 1
idresearch-web/usecases/kecamatan.go:28.16,31.3 2 0
idresearch-web/common/tracer.go:16.43,25.16 4 1
idresearch-web/common/tracer.go:28.2,33.24 2 1
idresearch-web/common/tracer.go:25.16,27.3 1 0
idresearch-web/common/tracer.go:36.45,40.2 3 1
idresearch-web/controllers/provinsi_api.go:16.103,20.2 1 1
idresearch-web/controllers/provinsi_api.go:22.77,29.16 6 0
idresearch-web/controllers/provinsi_api.go:34.2,40.16 2 0
idresearch-web/controllers/provinsi_api.go:43.2,43.40 1 0
idresearch-web/controllers/provinsi_api.go:29.16,32.3 2 0
idresearch-web/controllers/provinsi_api.go:40.16,42.3 1 0
idresearch-web/controllers/provinsi_api.go:46.79,49.16 2 0
idresearch-web/controllers/provinsi_api.go:52.2,52.40 1 0
idresearch-web/controllers/provinsi_api.go:49.16,51.3 1 0
idresearch-web/controllers/provinsi_api.go:55.58,59.2 2 1
idresearch-web/controllers/scraper_ingest_api.go:15.103,19.2 1 1
idresearch-web/controllers/scraper_ingest_api.go:21.83,25.16 3 0
idresearch-web/controllers/scraper_ingest_api.go:31.2,33.16 3 0
idresearch-web/controllers/scraper_ingest_api.go:39.2,42.4 1 0
idresearch-web/controllers/scraper_ingest_api.go:25.16,30.3 1 0
idresearch-web/controllers/scraper_ingest_api.go:33.16,38.3 1 0
idresearch-web/controllers/scraper_ingest_api.go:46.63,48.2 1 1
idresearch-web/common/redlock.go:15.44,19.2 1 1
idresearch-web/common/redlock.go:21.58,24.16 2 1
idresearch-web/common/redlock.go:31.2,31.38 1 0
idresearch-web/common/redlock.go:24.16,25.34 1 1
idresearch-web/common/redlock.go:25.34,27.4 1 1
idresearch-web/common/redlock.go:27.9,29.4 1 1
idresearch-web/common/redlock.go:34.41,38.2 2 1
idresearch-web/repositories/provinsi.go:16.77,20.2 1 1
idresearch-web/repositories/provinsi.go:22.115,26.2 2 1
idresearch-web/repositories/provinsi.go:28.141,36.30 5 1
idresearch-web/repositories/provinsi.go:58.2,59.45 2 1
idresearch-web/repositories/provinsi.go:36.30,49.17 4 1
idresearch-web/repositories/provinsi.go:49.17,55.4 1 1
idresearch-web/repositories/information_lake.go:29.131,36.2 1 1
idresearch-web/repositories/information_lake.go:38.112,40.2 1 1
idresearch-web/repositories/information_lake.go:42.179,44.22 2 1
idresearch-web/repositories/information_lake.go:47.2,47.22 1 1
idresearch-web/repositories/information_lake.go:50.2,50.26 1 1
idresearch-web/repositories/information_lake.go:53.2,56.8 3 1
idresearch-web/repositories/information_lake.go:44.22,46.3 1 1
idresearch-web/repositories/information_lake.go:47.22,49.3 1 1
idresearch-web/repositories/information_lake.go:50.26,52.3 1 0
idresearch-web/repositories/information_lake.go:59.232,62.22 2 1
idresearch-web/repositories/information_lake.go:65.2,65.22 1 1
idresearch-web/repositories/information_lake.go:69.2,69.26 1 1
idresearch-web/repositories/information_lake.go:73.2,78.16 3 1
idresearch-web/repositories/information_lake.go:82.2,84.8 2 1
idresearch-web/repositories/information_lake.go:62.22,64.3 1 1
idresearch-web/repositories/information_lake.go:65.22,67.3 1 1
idresearch-web/repositories/information_lake.go:69.26,71.3 1 0
idresearch-web/repositories/information_lake.go:78.16,80.3 1 0
idresearch-web/repositories/information_lake.go:87.179,92.21 4 1
idresearch-web/repositories/information_lake.go:96.2,110.47 8 1
idresearch-web/repositories/information_lake.go:114.2,114.52 1 1
idresearch-web/repositories/information_lake.go:138.2,138.8 1 1
idresearch-web/repositories/information_lake.go:92.21,94.3 1 1
idresearch-web/repositories/information_lake.go:110.47,112.3 1 1
idresearch-web/repositories/information_lake.go:114.52,117.21 3 1
idresearch-web/repositories/information_lake.go:121.3,122.28 2 1
idresearch-web/repositories/information_lake.go:128.3,135.5 1 1
idresearch-web/repositories/information_lake.go:117.21,119.4 1 1
idresearch-web/repositories/information_lake.go:122.28,123.25 1 0
idresearch-web/repositories/information_lake.go:123.25,125.5 1 0
idresearch-web/repositories/information_lake.go:141.118,145.21 3 1
idresearch-web/repositories/information_lake.go:148.2,156.16 4 1
idresearch-web/repositories/information_lake.go:160.2,161.16 2 1
idresearch-web/repositories/information_lake.go:164.2,164.12 1 1
idresearch-web/repositories/information_lake.go:145.21,147.3 1 1
idresearch-web/repositories/information_lake.go:156.16,158.3 1 0
idresearch-web/repositories/information_lake.go:161.16,163.3 1 0
idresearch-web/repositories/information_lake.go:167.168,171.19 2 1
idresearch-web/repositories/information_lake.go:174.2,177.8 3 1
idresearch-web/repositories/information_lake.go:171.19,173.3 1 0
idresearch-web/repositories/information_lake.go:179.123,182.19 2 1
idresearch-web/repositories/information_lake.go:185.2,186.8 2 1
idresearch-web/repositories/information_lake.go:182.19,184.3 1 0
idresearch-web/repositories/information_lake.go:190.88,193.2 2 1
idresearch-web/repositories/information_lake.go:195.109,200.2 2 1
idresearch-web/repositories/information_lake.go:202.130,205.2 2 1
idresearch-web/repositories/information_lake.go:207.114,211.2 2 1
idresearch-web/repositories/scraper.go:21.67,26.2 1 1
idresearch-web/repositories/scraper.go:28.155,33.31 4 1
idresearch-web/repositories/scraper.go:41.2,45.177 3 1
idresearch-web/repositories/scraper.go:49.2,49.372 1 1
idresearch-web/repositories/scraper.go:54.2,54.188 1 1
idresearch-web/repositories/scraper.go:59.2,61.8 2 1
idresearch-web/repositories/scraper.go:33.31,35.3 1 0
idresearch-web/repositories/scraper.go:35.8,36.31 1 1
idresearch-web/repositories/scraper.go:36.31,38.4 1 1
idresearch-web/repositories/scraper.go:45.177,48.3 2 0
idresearch-web/repositories/scraper.go:49.372,52.3 2 0
idresearch-web/repositories/scraper.go:54.188,57.3 2 0
idresearch-web/repositories/user_mock.go:14.111,18.2 3 1
idresearch-web/repositories/user_mock.go:19.100,21.2 1 1
idresearch-web/repositories/user_mock.go:22.93,25.2 2 0
idresearch-web/repositories/user_mock.go:26.140,30.2 3 1
idresearch-web/repositories/user_mock.go:32.96,34.2 1 0
idresearch-web/repositories/user_mock.go:35.99,37.2 1 0
idresearch-web/controllers/information_lake_api.go:16.115,20.2 1 1
idresearch-web/controllers/information_lake_api.go:22.76,25.16 3 0
idresearch-web/controllers/information_lake_api.go:31.2,32.16 2 0
idresearch-web/controllers/information_lake_api.go:38.2,41.4 1 0
idresearch-web/controllers/information_lake_api.go:25.16,30.3 1 0
idresearch-web/controllers/information_lake_api.go:32.16,37.3 1 0
idresearch-web/controllers/information_lake_api.go:44.76,56.16 11 0
idresearch-web/controllers/information_lake_api.go:63.2,73.16 3 0
idresearch-web/controllers/information_lake_api.go:79.2,80.34 2 0
idresearch-web/controllers/information_lake_api.go:83.2,91.4 1 0
idresearch-web/controllers/information_lake_api.go:56.16,61.3 1 0
idresearch-web/controllers/information_lake_api.go:73.16,78.3 1 0
idresearch-web/controllers/information_lake_api.go:80.34,82.3 1 0
idresearch-web/controllers/information_lake_api.go:94.79,98.16 4 0
idresearch-web/controllers/information_lake_api.go:105.2,106.16 2 0
idresearch-web/controllers/information_lake_api.go:113.2,121.4 1 0
idresearch-web/controllers/information_lake_api.go:98.16,103.3 1 0
idresearch-web/controllers/information_lake_api.go:106.16,111.3 1 0
idresearch-web/controllers/information_lake_api.go:124.79,127.16 3 0
idresearch-web/controllers/information_lake_api.go:134.2,137.4 1 0
idresearch-web/controllers/information_lake_api.go:127.16,132.3 1 0
idresearch-web/controllers/information_lake_api.go:140.87,142.16 2 0
idresearch-web/controllers/information_lake_api.go:149.2,152.4 1 0
idresearch-web/controllers/information_lake_api.go:142.16,147.3 1 0
idresearch-web/controllers/information_lake_api.go:155.77,157.16 2 0
idresearch-web/controllers/information_lake_api.go:164.2,167.4 1 0
idresearch-web/controllers/information_lake_api.go:157.16,162.3 1 0
idresearch-web/controllers/information_lake_api.go:170.61,178.2 6 1
idresearch-web/controllers/topic_api.go:16.87,20.2 1 1
idresearch-web/controllers/topic_api.go:22.68,25.16 3 0
idresearch-web/controllers/topic_api.go:31.2,34.4 1 0
idresearch-web/controllers/topic_api.go:25.16,30.3 1 0
idresearch-web/controllers/topic_api.go:38.73,43.16 4 0
idresearch-web/controllers/topic_api.go:50.2,51.16 2 0
idresearch-web/controllers/topic_api.go:57.2,65.4 1 0
idresearch-web/controllers/topic_api.go:43.16,48.3 1 0
idresearch-web/controllers/topic_api.go:51.16,56.3 1 0
idresearch-web/controllers/topic_api.go:69.68,73.16 3 0
idresearch-web/controllers/topic_api.go:80.2,81.16 2 0
idresearch-web/controllers/topic_api.go:87.2,90.4 1 0
idresearch-web/controllers/topic_api.go:73.16,78.3 1 0
idresearch-web/controllers/topic_api.go:81.16,86.3 1 0
idresearch-web/controllers/topic_api.go:93.66,97.16 3 0
idresearch-web/controllers/topic_api.go:104.2,107.16 3 0
idresearch-web/controllers/topic_api.go:113.2,116.4 1 0
idresearch-web/controllers/topic_api.go:97.16,102.3 1 0
idresearch-web/controllers/topic_api.go:107.16,112.3 1 0
idresearch-web/controllers/topic_api.go:119.67,124.16 3 0
idresearch-web/controllers/topic_api.go:130.2,133.4 1 0
idresearch-web/controllers/topic_api.go:124.16,129.3 1 0
idresearch-web/controllers/topic_api.go:136.55,143.2 5 1
idresearch-web/controllers/peta_view.go:10.49,12.2 1 1
idresearch-web/controllers/peta_view.go:14.70,19.2 1 0
idresearch-web/controllers/peta_view.go:21.55,23.2 1 1
idresearch-web/usecases/scraper.go:17.110,22.2 1 1
idresearch-web/usecases/scraper.go:24.139,27.16 3 1
idresearch-web/usecases/scraper.go:30.2,39.125 3 1
idresearch-web/usecases/scraper.go:44.2,44.8 1 1
idresearch-web/usecases/scraper.go:27.16,29.3 1 0
idresearch-web/usecases/scraper.go:39.125,42.3 2 0
idresearch-web/repositories/news.go:23.92,28.2 1 1
idresearch-web/repositories/news.go:30.124,34.16 3 1
idresearch-web/repositories/news.go:37.2,45.16 2 1
idresearch-web/repositories/news.go:48.2,48.12 1 1
idresearch-web/repositories/news.go:34.16,36.3 1 0
idresearch-web/repositories/news.go:45.16,47.3 1 0
idresearch-web/repositories/news.go:51.136,56.16 4 1
idresearch-web/repositories/news.go:60.2,60.79 1 1
idresearch-web/repositories/news.go:65.2,67.8 3 1
idresearch-web/repositories/news.go:56.16,59.3 2 1
idresearch-web/repositories/news.go:60.79,63.3 2 0
idresearch-web/repositories/news.go:70.129,74.11 2 1
idresearch-web/repositories/news.go:78.2,78.53 1 1
idresearch-web/repositories/news.go:81.2,90.16 8 1
idresearch-web/repositories/news.go:93.2,93.8 1 1
idresearch-web/repositories/news.go:74.11,77.3 2 1
idresearch-web/repositories/news.go:78.53,80.3 1 0
idresearch-web/repositories/news.go:90.16,92.3 1 0
idresearch-web/cmd/webservice/app.go:29.52,31.42 1 1
idresearch-web/cmd/webservice/app.go:40.2,40.69 1 1
idresearch-web/cmd/webservice/app.go:31.42,33.38 1 0
idresearch-web/cmd/webservice/app.go:37.3,37.34 1 0
idresearch-web/cmd/webservice/app.go:33.38,36.4 2 0
idresearch-web/cmd/webservice/app.go:40.69,41.7 1 0
idresearch-web/cmd/webservice/app.go:41.7,57.19 8 0
idresearch-web/cmd/webservice/app.go:57.19,59.10 2 0
idresearch-web/cmd/webservice/app.go:67.40,140.2 43 1
idresearch-web/repositories/kabupaten.go:15.79,19.2 1 1
idresearch-web/repositories/kabupaten.go:21.143,29.31 5 1
idresearch-web/repositories/kabupaten.go:52.2,52.45 1 1
idresearch-web/repositories/kabupaten.go:29.31,42.17 4 1
idresearch-web/repositories/kabupaten.go:42.17,48.4 1 1
idresearch-web/usecases/kabupaten.go:16.113,21.2 1 1
idresearch-web/usecases/kabupaten.go:23.152,28.16 4 1
idresearch-web/usecases/kabupaten.go:32.2,32.8 1 1
idresearch-web/usecases/kabupaten.go:28.16,31.3 2 0
idresearch-web/usecases/topic.go:14.143,19.2 1 1
idresearch-web/usecases/topic.go:21.97,24.2 2 1
idresearch-web/usecases/topic.go:26.152,34.2 6 1
idresearch-web/usecases/topic.go:35.94,39.2 3 1
idresearch-web/usecases/topic.go:40.94,43.2 2 1
idresearch-web/usecases/topic.go:44.79,48.2 3 1
idresearch-web/common/middleware.go:18.27,23.2 1 1
idresearch-web/common/middleware.go:25.36,29.52 3 1
idresearch-web/common/middleware.go:36.2,37.26 2 1
idresearch-web/common/middleware.go:45.2,54.19 3 1
idresearch-web/common/middleware.go:29.52,34.3 1 1
idresearch-web/common/middleware.go:37.26,43.3 1 0
idresearch-web/controllers/kecamatan_api.go:18.106,22.2 1 1
idresearch-web/controllers/kecamatan_api.go:24.79,31.16 6 0
idresearch-web/controllers/kecamatan_api.go:36.2,45.16 5 0
idresearch-web/controllers/kecamatan_api.go:48.2,48.40 1 0
idresearch-web/controllers/kecamatan_api.go:31.16,34.3 2 0
idresearch-web/controllers/kecamatan_api.go:45.16,47.3 1 0
idresearch-web/controllers/kecamatan_api.go:51.59,53.2 1 1
idresearch-web/usecases/user.go:14.82,18.2 1 1
idresearch-web/usecases/user.go:20.151,31.2 3 1
idresearch-web/usecases/user.go:33.123,36.16 2 1
idresearch-web/usecases/user.go:39.2,40.53 2 1
idresearch-web/usecases/user.go:43.2,43.53 1 1
idresearch-web/usecases/user.go:50.2,62.8 3 1
idresearch-web/usecases/user.go:36.16,38.3 1 0
idresearch-web/usecases/user.go:40.53,42.3 1 0
idresearch-web/usecases/user.go:43.53,45.17 2 0
idresearch-web/usecases/user.go:45.17,47.4 1 0
idresearch-web/usecases/user.go:65.89,68.2 2 1
idresearch-web/usecases/user.go:69.92,72.2 2 1
idresearch-web/common/config.go:5.45,11.16 5 1
idresearch-web/common/config.go:11.16,12.13 1 0
idresearch-web/common/redis.go:7.46,16.2 2 1
idresearch-web/controllers/user_api.go:16.79,20.2 1 1
idresearch-web/controllers/user_api.go:22.65,26.16 3 0
idresearch-web/controllers/user_api.go:33.2,35.16 3 0
idresearch-web/controllers/user_api.go:41.2,44.4 1 0
idresearch-web/controllers/user_api.go:26.16,31.3 1 0
idresearch-web/controllers/user_api.go:35.16,40.3 1 0
idresearch-web/controllers/user_api.go:48.62,52.16 3 0
idresearch-web/controllers/user_api.go:58.2,61.4 1 0
idresearch-web/controllers/user_api.go:52.16,57.3 1 0
idresearch-web/controllers/user_api.go:65.63,70.16 4 0
idresearch-web/controllers/user_api.go:77.2,79.16 3 0
idresearch-web/controllers/user_api.go:85.2,88.4 1 0
idresearch-web/controllers/user_api.go:70.16,75.3 1 0
idresearch-web/controllers/user_api.go:79.16,84.3 1 0
idresearch-web/controllers/user_api.go:92.54,96.2 3 1
idresearch-web/controllers/collection_folder_api.go:16.121,20.2 1 1
idresearch-web/controllers/collection_folder_api.go:22.96,25.16 3 0
idresearch-web/controllers/collection_folder_api.go:31.2,34.4 1 0
idresearch-web/controllers/collection_folder_api.go:25.16,30.3 1 0
idresearch-web/controllers/collection_folder_api.go:38.90,42.16 3 0
idresearch-web/controllers/collection_folder_api.go:48.2,53.16 2 0
idresearch-web/controllers/collection_folder_api.go:59.2,62.4 1 0
idresearch-web/controllers/collection_folder_api.go:42.16,47.3 1 0
idresearch-web/controllers/collection_folder_api.go:53.16,58.3 1 0
idresearch-web/controllers/collection_folder_api.go:66.81,70.16 3 0
idresearch-web/controllers/collection_folder_api.go:77.2,80.16 3 0
idresearch-web/controllers/collection_folder_api.go:86.2,89.4 1 0
idresearch-web/controllers/collection_folder_api.go:70.16,75.3 1 0
idresearch-web/controllers/collection_folder_api.go:80.16,85.3 1 0
idresearch-web/controllers/collection_folder_api.go:93.66,98.2 3 1
idresearch-web/repositories/topic.go:14.67,18.2 1 1
idresearch-web/repositories/topic.go:20.96,23.2 2 1
idresearch-web/repositories/topic.go:25.138,28.19 2 1
idresearch-web/repositories/topic.go:31.2,34.8 3 1
idresearch-web/repositories/topic.go:28.19,30.3 1 1
idresearch-web/repositories/topic.go:36.108,39.19 2 1
idresearch-web/repositories/topic.go:42.2,46.8 3 1
idresearch-web/repositories/topic.go:39.19,41.3 1 1
idresearch-web/repositories/topic.go:48.93,51.2 2 1
idresearch-web/repositories/topic.go:52.93,55.2 2 1
idresearch-web/repositories/topic.go:56.78,59.2 2 1
idresearch-web/usecases/information_lake.go:15.132,20.2 1 1
idresearch-web/usecases/information_lake.go:22.240,27.39 4 1
idresearch-web/usecases/information_lake.go:42.2,45.8 4 1
idresearch-web/usecases/information_lake.go:27.39,29.29 2 1
idresearch-web/usecases/information_lake.go:34.3,34.43 1 1
idresearch-web/usecases/information_lake.go:40.3,40.56 1 1
idresearch-web/usecases/information_lake.go:29.29,32.4 2 0
idresearch-web/usecases/information_lake.go:34.43,38.4 3 1
idresearch-web/usecases/information_lake.go:48.109,51.16 2 1
idresearch-web/usecases/information_lake.go:54.2,55.65 2 1
idresearch-web/usecases/information_lake.go:51.16,53.3 1 0
idresearch-web/usecases/information_lake.go:58.186,66.2 6 1
idresearch-web/usecases/information_lake.go:68.85,71.2 2 1
idresearch-web/usecases/information_lake.go:73.127,76.2 2 1
idresearch-web/usecases/information_lake.go:78.111,81.2 2 1
idresearch-web/repositories/collection_folder.go:14.85,18.2 1 1
idresearch-web/repositories/collection_folder.go:20.117,23.2 2 1
idresearch-web/repositories/collection_folder.go:25.148,28.2 2 1
idresearch-web/repositories/collection_folder.go:30.132,33.2 2 1
idresearch-web/usecases/collection_folder.go:12.134,16.2 1 1
idresearch-web/usecases/collection_folder.go:18.118,22.2 3 1
idresearch-web/usecases/collection_folder.go:24.134,28.2 3 1
idresearch-web/usecases/collection_folder.go:30.133,33.2 2 1
idresearch-web/common/jwt.go:14.64,15.83 1 1
idresearch-web/common/jwt.go:22.2,22.16 1 1
idresearch-web/common/jwt.go:26.2,26.67 1 1
idresearch-web/common/jwt.go:31.2,31.24 1 0
idresearch-web/common/jwt.go:15.83,16.58 1 1
idresearch-web/common/jwt.go:20.3,20.25 1 1
idresearch-web/common/jwt.go:16.58,18.4 1 0
idresearch-web/common/jwt.go:22.16,24.3 1 0
idresearch-web/common/jwt.go:26.67,29.3 1 1
idresearch-web/common/jwt.go:34.53,48.2 4 1
idresearch-web/usecases/provinsi.go:12.110,16.2 1 1
idresearch-web/usecases/provinsi.go:18.112,21.2 2 1
idresearch-web/usecases/provinsi.go:23.138,25.2 1 1
idresearch-web/controllers/kabupaten_api.go:18.106,22.2 1 1
idresearch-web/controllers/kabupaten_api.go:24.79,31.16 6 0
idresearch-web/controllers/kabupaten_api.go:36.2,45.16 5 0
idresearch-web/controllers/kabupaten_api.go:48.2,48.40 1 0
idresearch-web/controllers/kabupaten_api.go:31.16,34.3 2 0
idresearch-web/controllers/kabupaten_api.go:45.16,47.3 1 0
idresearch-web/controllers/kabupaten_api.go:51.59,53.2 1 1
idresearch-web/repositories/user.go:20.61,24.2 1 1
idresearch-web/repositories/user.go:26.107,29.2 2 1
idresearch-web/repositories/user.go:30.96,33.2 2 1
idresearch-web/repositories/user.go:34.89,37.2 2 1
idresearch-web/repositories/user.go:38.136,47.49 8 1
idresearch-web/repositories/user.go:51.2,57.8 2 0
idresearch-web/repositories/user.go:47.49,50.3 2 1
idresearch-web/repositories/user.go:60.92,63.2 2 1
idresearch-web/repositories/user.go:64.95,67.2 2 1
idresearch-web/controllers/news.go:14.87,18.2 1 1
idresearch-web/controllers/news.go:20.68,25.16 3 0
idresearch-web/controllers/news.go:31.2,34.4 1 0
idresearch-web/controllers/news.go:25.16,30.3 1 0
idresearch-web/controllers/news.go:37.54,39.2 1 1
idresearch-web/usecases/news.go:13.98,18.2 1 1
idresearch-web/usecases/news.go:20.126,22.2 1 1
idresearch-web/common/pg.go:12.67,19.16 5 1
idresearch-web/common/pg.go:22.2,22.11 1 1
idresearch-web/common/pg.go:19.16,20.13 1 1
idresearch-web/common/pg.go:25.29,35.2 3 1
